<?xml version="1.0" encoding="UTF-8"?>
<persistence version="2.1" xmlns="http://xmlns.jcp.org/xml/ns/persistence" xmlns:xsi="http://www.w3.org/2001/XMLSchema-instance" xsi:schemaLocation="http://xmlns.jcp.org/xml/ns/persistence http://xmlns.jcp.org/xml/ns/persistence/persistence_2_1.xsd">
    <persistence-unit name="org.jbpm.domain" transaction-type="JTA">
        <jta-data-source>java:jboss/datasources/HelloWorldDS</jta-data-source>
        <properties>
            <property name="javax.persistence.schema-generation.database.action" value="none"/>

            <property name="org.hibernate.envers.audit_table_prefix" value="v_"/>
            <property name="org.hibernate.envers.audit_table_suffix" value=""/>
            <property name="org.hibernate.envers.store_data_at_delete" value="true"/>
            <property name="org.hibernate.envers.revision_field_name" value="verzio"/>
            <property name="org.hibernate.envers.revision_type_field_name" value="muvelet"/>
            <property name="org.hibernate.envers.default_schema" value="public"/>
        </properties>
    </persistence-unit>
</persistence>